{"/Users/sage/sageahn/SageInvest/lib/kis/api-client.ts": {"path":"/Users/sage/sageahn/SageInvest/lib/kis/api-client.ts","statementMap":{"0":{"start":{"line":24,"column":4},"end":{"line":24,"column":null}},"1":{"start":{"line":25,"column":4},"end":{"line":28,"column":null}},"2":{"start":{"line":32,"column":63},"end":{"line":45,"column":null}},"3":{"start":{"line":47,"column":4},"end":{"line":47,"column":null}},"4":{"start":{"line":54,"column":21},"end":{"line":66,"column":null}},"5":{"start":{"line":68,"column":17},"end":{"line":68,"column":null}},"6":{"start":{"line":69,"column":22},"end":{"line":69,"column":null}},"7":{"start":{"line":71,"column":4},"end":{"line":76,"column":null}},"8":{"start":{"line":83,"column":4},"end":{"line":95,"column":null}},"9":{"start":{"line":102,"column":21},"end":{"line":111,"column":null}},"10":{"start":{"line":113,"column":4},"end":{"line":113,"column":null}},"11":{"start":{"line":120,"column":21},"end":{"line":132,"column":null}},"12":{"start":{"line":134,"column":4},"end":{"line":134,"column":null}}},"fnMap":{"0":{"name":"(anonymous_0)","decl":{"start":{"line":23,"column":2},"end":{"line":23,"column":14}},"loc":{"start":{"line":23,"column":43},"end":{"line":29,"column":null}},"line":23},"1":{"name":"(anonymous_1)","decl":{"start":{"line":31,"column":10},"end":{"line":31,"column":23}},"loc":{"start":{"line":31,"column":69},"end":{"line":48,"column":null}},"line":31},"2":{"name":"(anonymous_2)","decl":{"start":{"line":53,"column":8},"end":{"line":53,"column":19}},"loc":{"start":{"line":53,"column":77},"end":{"line":77,"column":null}},"line":53},"3":{"name":"(anonymous_3)","decl":{"start":{"line":82,"column":8},"end":{"line":82,"column":20}},"loc":{"start":{"line":82,"column":91},"end":{"line":96,"column":null}},"line":82},"4":{"name":"(anonymous_4)","decl":{"start":{"line":101,"column":8},"end":{"line":101,"column":24}},"loc":{"start":{"line":101,"column":72},"end":{"line":114,"column":null}},"line":101},"5":{"name":"(anonymous_5)","decl":{"start":{"line":119,"column":8},"end":{"line":119,"column":28}},"loc":{"start":{"line":119,"column":80},"end":{"line":135,"column":null}},"line":119}},"branchMap":{},"s":{"0":10,"1":10,"2":10,"3":10,"4":3,"5":2,"6":2,"7":2,"8":1,"9":1,"10":1,"11":1,"12":1},"f":{"0":10,"1":10,"2":3,"3":1,"4":1,"5":1},"b":{},"meta":{"lastBranch":0,"lastFunction":6,"lastStatement":13,"seen":{"f:23:2:23:14":0,"s:24:4:24:Infinity":0,"s:25:4:28:Infinity":1,"f:31:10:31:23":1,"s:32:63:45:Infinity":2,"s:47:4:47:Infinity":3,"f:53:8:53:19":2,"s:54:21:66:Infinity":4,"s:68:17:68:Infinity":5,"s:69:22:69:Infinity":6,"s:71:4:76:Infinity":7,"f:82:8:82:20":3,"s:83:4:95:Infinity":8,"f:101:8:101:24":4,"s:102:21:111:Infinity":9,"s:113:4:113:Infinity":10,"f:119:8:119:28":5,"s:120:21:132:Infinity":11,"s:134:4:134:Infinity":12}}}
,"/Users/sage/sageahn/SageInvest/lib/kis/balance-service.ts": {"path":"/Users/sage/sageahn/SageInvest/lib/kis/balance-service.ts","statementMap":{"0":{"start":{"line":22,"column":41},"end":{"line":22,"column":null}},"1":{"start":{"line":23,"column":28},"end":{"line":23,"column":null}},"2":{"start":{"line":26,"column":77},"end":{"line":26,"column":null}},"3":{"start":{"line":27,"column":34},"end":{"line":27,"column":null}},"4":{"start":{"line":30,"column":4},"end":{"line":30,"column":null}},"5":{"start":{"line":31,"column":4},"end":{"line":31,"column":null}},"6":{"start":{"line":42,"column":21},"end":{"line":42,"column":null}},"7":{"start":{"line":45,"column":4},"end":{"line":50,"column":null}},"8":{"start":{"line":46,"column":21},"end":{"line":46,"column":null}},"9":{"start":{"line":47,"column":6},"end":{"line":49,"column":null}},"10":{"start":{"line":48,"column":8},"end":{"line":48,"column":null}},"11":{"start":{"line":53,"column":21},"end":{"line":53,"column":null}},"12":{"start":{"line":56,"column":20},"end":{"line":56,"column":null}},"13":{"start":{"line":58,"column":38},"end":{"line":61,"column":null}},"14":{"start":{"line":64,"column":4},"end":{"line":67,"column":null}},"15":{"start":{"line":69,"column":4},"end":{"line":69,"column":null}},"16":{"start":{"line":76,"column":40},"end":{"line":76,"column":null}},"17":{"start":{"line":77,"column":23},"end":{"line":77,"column":null}},"18":{"start":{"line":78,"column":20},"end":{"line":78,"column":null}},"19":{"start":{"line":81,"column":22},"end":{"line":81,"column":null}},"20":{"start":{"line":83,"column":4},"end":{"line":97,"column":null}},"21":{"start":{"line":85,"column":6},"end":{"line":85,"column":null}},"22":{"start":{"line":87,"column":21},"end":{"line":87,"column":null}},"23":{"start":{"line":88,"column":23},"end":{"line":88,"column":null}},"24":{"start":{"line":91,"column":23},"end":{"line":91,"column":null}},"25":{"start":{"line":91,"column":54},"end":{"line":91,"column":81}},"26":{"start":{"line":92,"column":6},"end":{"line":92,"column":null}},"27":{"start":{"line":95,"column":6},"end":{"line":95,"column":null}},"28":{"start":{"line":96,"column":6},"end":{"line":96,"column":null}},"29":{"start":{"line":99,"column":4},"end":{"line":99,"column":null}},"30":{"start":{"line":107,"column":4},"end":{"line":107,"column":null}},"31":{"start":{"line":109,"column":19},"end":{"line":109,"column":null}},"32":{"start":{"line":110,"column":21},"end":{"line":110,"column":null}},"33":{"start":{"line":112,"column":4},"end":{"line":112,"column":null}},"34":{"start":{"line":119,"column":16},"end":{"line":119,"column":null}},"35":{"start":{"line":121,"column":4},"end":{"line":133,"column":null}},"36":{"start":{"line":122,"column":26},"end":{"line":127,"column":null}},"37":{"start":{"line":129,"column":6},"end":{"line":129,"column":null}},"38":{"start":{"line":131,"column":6},"end":{"line":131,"column":null}},"39":{"start":{"line":132,"column":6},"end":{"line":132,"column":null}},"40":{"start":{"line":144,"column":4},"end":{"line":156,"column":null}},"41":{"start":{"line":164,"column":6},"end":{"line":166,"column":null}},"42":{"start":{"line":167,"column":4},"end":{"line":167,"column":null}},"43":{"start":{"line":174,"column":4},"end":{"line":184,"column":null}},"44":{"start":{"line":191,"column":25},"end":{"line":191,"column":null}},"45":{"start":{"line":192,"column":26},"end":{"line":192,"column":null}},"46":{"start":{"line":193,"column":28},"end":{"line":193,"column":null}},"47":{"start":{"line":194,"column":28},"end":{"line":194,"column":null}},"48":{"start":{"line":197,"column":27},"end":{"line":197,"column":null}},"49":{"start":{"line":199,"column":4},"end":{"line":208,"column":null}},"50":{"start":{"line":215,"column":17},"end":{"line":215,"column":null}},"51":{"start":{"line":216,"column":4},"end":{"line":216,"column":null}},"52":{"start":{"line":223,"column":16},"end":{"line":223,"column":null}},"53":{"start":{"line":224,"column":20},"end":{"line":224,"column":null}},"54":{"start":{"line":226,"column":4},"end":{"line":228,"column":null}},"55":{"start":{"line":227,"column":6},"end":{"line":227,"column":null}},"56":{"start":{"line":227,"column":37},"end":{"line":227,"column":92}},"57":{"start":{"line":230,"column":4},"end":{"line":230,"column":null}},"58":{"start":{"line":237,"column":4},"end":{"line":237,"column":null}},"59":{"start":{"line":244,"column":21},"end":{"line":244,"column":null}},"60":{"start":{"line":245,"column":4},"end":{"line":245,"column":null}}},"fnMap":{"0":{"name":"(anonymous_0)","decl":{"start":{"line":29,"column":2},"end":{"line":29,"column":14}},"loc":{"start":{"line":29,"column":59},"end":{"line":32,"column":null}},"line":29},"1":{"name":"(anonymous_1)","decl":{"start":{"line":37,"column":8},"end":{"line":37,"column":null}},"loc":{"start":{"line":41,"column":30},"end":{"line":70,"column":null}},"line":41},"2":{"name":"(anonymous_2)","decl":{"start":{"line":75,"column":8},"end":{"line":75,"column":24}},"loc":{"start":{"line":75,"column":83},"end":{"line":100,"column":null}},"line":75},"3":{"name":"(anonymous_3)","decl":{"start":{"line":91,"column":44},"end":{"line":91,"column":45}},"loc":{"start":{"line":91,"column":54},"end":{"line":91,"column":81}},"line":91},"4":{"name":"(anonymous_4)","decl":{"start":{"line":105,"column":8},"end":{"line":105,"column":26}},"loc":{"start":{"line":105,"column":85},"end":{"line":113,"column":null}},"line":105},"5":{"name":"(anonymous_5)","decl":{"start":{"line":118,"column":16},"end":{"line":118,"column":26}},"loc":{"start":{"line":118,"column":86},"end":{"line":134,"column":null}},"line":118},"6":{"name":"(anonymous_6)","decl":{"start":{"line":139,"column":10},"end":{"line":139,"column":null}},"loc":{"start":{"line":143,"column":24},"end":{"line":157,"column":null}},"line":143},"7":{"name":"(anonymous_7)","decl":{"start":{"line":162,"column":10},"end":{"line":162,"column":29}},"loc":{"start":{"line":162,"column":29},"end":{"line":168,"column":null}},"line":162},"8":{"name":"(anonymous_8)","decl":{"start":{"line":173,"column":10},"end":{"line":173,"column":27}},"loc":{"start":{"line":173,"column":51},"end":{"line":185,"column":null}},"line":173},"9":{"name":"(anonymous_9)","decl":{"start":{"line":190,"column":10},"end":{"line":190,"column":27}},"loc":{"start":{"line":190,"column":53},"end":{"line":209,"column":null}},"line":190},"10":{"name":"(anonymous_10)","decl":{"start":{"line":214,"column":10},"end":{"line":214,"column":20}},"loc":{"start":{"line":214,"column":45},"end":{"line":217,"column":null}},"line":214},"11":{"name":"(anonymous_11)","decl":{"start":{"line":222,"column":16},"end":{"line":222,"column":50}},"loc":{"start":{"line":222,"column":50},"end":{"line":231,"column":null}},"line":222},"12":{"name":"(anonymous_12)","decl":{"start":{"line":227,"column":24},"end":{"line":227,"column":25}},"loc":{"start":{"line":227,"column":37},"end":{"line":227,"column":92}},"line":227},"13":{"name":"(anonymous_13)","decl":{"start":{"line":236,"column":2},"end":{"line":236,"column":21}},"loc":{"start":{"line":236,"column":21},"end":{"line":238,"column":null}},"line":236},"14":{"name":"(anonymous_14)","decl":{"start":{"line":243,"column":2},"end":{"line":243,"column":20}},"loc":{"start":{"line":243,"column":60},"end":{"line":246,"column":null}},"line":243}},"branchMap":{"0":{"loc":{"start":{"line":40,"column":4},"end":{"line":40,"column":null}},"type":"default-arg","locations":[{"start":{"line":40,"column":19},"end":{"line":40,"column":null}}],"line":40},"1":{"loc":{"start":{"line":45,"column":4},"end":{"line":50,"column":null}},"type":"if","locations":[{"start":{"line":45,"column":4},"end":{"line":50,"column":null}},{"start":{},"end":{}}],"line":45},"2":{"loc":{"start":{"line":47,"column":6},"end":{"line":49,"column":null}},"type":"if","locations":[{"start":{"line":47,"column":6},"end":{"line":49,"column":null}},{"start":{},"end":{}}],"line":47},"3":{"loc":{"start":{"line":47,"column":10},"end":{"line":47,"column":51}},"type":"binary-expr","locations":[{"start":{"line":47,"column":10},"end":{"line":47,"column":20}},{"start":{"line":47,"column":20},"end":{"line":47,"column":51}}],"line":47},"4":{"loc":{"start":{"line":97,"column":13},"end":{"line":97,"column":null}},"type":"binary-expr","locations":[{"start":{"line":97,"column":13},"end":{"line":97,"column":29}},{"start":{"line":97,"column":29},"end":{"line":97,"column":null}}],"line":97},"5":{"loc":{"start":{"line":164,"column":6},"end":{"line":166,"column":null}},"type":"cond-expr","locations":[{"start":{"line":165,"column":10},"end":{"line":165,"column":null}},{"start":{"line":166,"column":10},"end":{"line":166,"column":null}}],"line":164},"6":{"loc":{"start":{"line":177,"column":16},"end":{"line":177,"column":null}},"type":"binary-expr","locations":[{"start":{"line":177,"column":16},"end":{"line":177,"column":46}},{"start":{"line":177,"column":46},"end":{"line":177,"column":null}}],"line":177},"7":{"loc":{"start":{"line":178,"column":28},"end":{"line":178,"column":null}},"type":"binary-expr","locations":[{"start":{"line":178,"column":28},"end":{"line":178,"column":63}},{"start":{"line":178,"column":63},"end":{"line":178,"column":null}}],"line":178},"8":{"loc":{"start":{"line":179,"column":22},"end":{"line":179,"column":null}},"type":"binary-expr","locations":[{"start":{"line":179,"column":22},"end":{"line":179,"column":52}},{"start":{"line":179,"column":52},"end":{"line":179,"column":null}}],"line":179},"9":{"loc":{"start":{"line":180,"column":20},"end":{"line":180,"column":null}},"type":"binary-expr","locations":[{"start":{"line":180,"column":20},"end":{"line":180,"column":46}},{"start":{"line":180,"column":46},"end":{"line":180,"column":null}}],"line":180},"10":{"loc":{"start":{"line":181,"column":24},"end":{"line":181,"column":null}},"type":"binary-expr","locations":[{"start":{"line":181,"column":24},"end":{"line":181,"column":54}},{"start":{"line":181,"column":54},"end":{"line":181,"column":null}}],"line":181},"11":{"loc":{"start":{"line":182,"column":24},"end":{"line":182,"column":null}},"type":"binary-expr","locations":[{"start":{"line":182,"column":24},"end":{"line":182,"column":59}},{"start":{"line":182,"column":59},"end":{"line":182,"column":null}}],"line":182},"12":{"loc":{"start":{"line":191,"column":25},"end":{"line":191,"column":null}},"type":"binary-expr","locations":[{"start":{"line":191,"column":25},"end":{"line":191,"column":59}},{"start":{"line":191,"column":59},"end":{"line":191,"column":null}}],"line":191},"13":{"loc":{"start":{"line":192,"column":26},"end":{"line":192,"column":null}},"type":"binary-expr","locations":[{"start":{"line":192,"column":26},"end":{"line":192,"column":65}},{"start":{"line":192,"column":65},"end":{"line":192,"column":null}}],"line":192},"14":{"loc":{"start":{"line":193,"column":28},"end":{"line":193,"column":null}},"type":"binary-expr","locations":[{"start":{"line":193,"column":28},"end":{"line":193,"column":68}},{"start":{"line":193,"column":68},"end":{"line":193,"column":null}}],"line":193},"15":{"loc":{"start":{"line":194,"column":28},"end":{"line":194,"column":null}},"type":"binary-expr","locations":[{"start":{"line":194,"column":28},"end":{"line":194,"column":62}},{"start":{"line":194,"column":62},"end":{"line":194,"column":null}}],"line":194},"16":{"loc":{"start":{"line":197,"column":27},"end":{"line":197,"column":null}},"type":"cond-expr","locations":[{"start":{"line":197,"column":48},"end":{"line":197,"column":89}},{"start":{"line":197,"column":89},"end":{"line":197,"column":null}}],"line":197},"17":{"loc":{"start":{"line":202,"column":23},"end":{"line":202,"column":null}},"type":"binary-expr","locations":[{"start":{"line":202,"column":23},"end":{"line":202,"column":62}},{"start":{"line":202,"column":62},"end":{"line":202,"column":null}}],"line":202},"18":{"loc":{"start":{"line":205,"column":16},"end":{"line":205,"column":null}},"type":"binary-expr","locations":[{"start":{"line":205,"column":16},"end":{"line":205,"column":46}},{"start":{"line":205,"column":46},"end":{"line":205,"column":null}}],"line":205},"19":{"loc":{"start":{"line":215,"column":17},"end":{"line":215,"column":null}},"type":"binary-expr","locations":[{"start":{"line":215,"column":17},"end":{"line":215,"column":40}},{"start":{"line":215,"column":40},"end":{"line":215,"column":null}}],"line":215},"20":{"loc":{"start":{"line":226,"column":4},"end":{"line":228,"column":null}},"type":"if","locations":[{"start":{"line":226,"column":4},"end":{"line":228,"column":null}},{"start":{},"end":{}}],"line":226}},"s":{"0":3,"1":3,"2":3,"3":3,"4":3,"5":3,"6":11,"7":11,"8":10,"9":10,"10":8,"11":3,"12":3,"13":3,"14":3,"15":3,"16":3,"17":3,"18":3,"19":3,"20":3,"21":3,"22":3,"23":3,"24":3,"25":3,"26":3,"27":3,"28":3,"29":3,"30":4,"31":4,"32":4,"33":4,"34":7,"35":7,"36":7,"37":7,"38":0,"39":0,"40":7,"41":7,"42":7,"43":3,"44":4,"45":4,"46":4,"47":4,"48":4,"49":4,"50":3,"51":3,"52":7,"53":7,"54":7,"55":6,"56":6,"57":7,"58":1,"59":1,"60":1},"f":{"0":3,"1":11,"2":3,"3":3,"4":4,"5":7,"6":7,"7":7,"8":3,"9":4,"10":3,"11":7,"12":6,"13":1,"14":1},"b":{"0":[11],"1":[10,1],"2":[8,2],"3":[10,8],"4":[3,0],"5":[0,7],"6":[3,0],"7":[3,0],"8":[3,0],"9":[3,0],"10":[3,0],"11":[3,0],"12":[4,0],"13":[4,0],"14":[4,0],"15":[4,0],"16":[4,0],"17":[4,0],"18":[4,0],"19":[3,0],"20":[6,1]},"meta":{"lastBranch":21,"lastFunction":15,"lastStatement":61,"seen":{"s:22:41:22:Infinity":0,"s:23:28:23:Infinity":1,"s:26:77:26:Infinity":2,"s:27:34:27:Infinity":3,"f:29:2:29:14":0,"s:30:4:30:Infinity":4,"s:31:4:31:Infinity":5,"f:37:8:37:Infinity":1,"b:40:19:40:Infinity":0,"s:42:21:42:Infinity":6,"b:45:4:50:Infinity:undefined:undefined:undefined:undefined":1,"s:45:4:50:Infinity":7,"s:46:21:46:Infinity":8,"b:47:6:49:Infinity:undefined:undefined:undefined:undefined":2,"s:47:6:49:Infinity":9,"b:47:10:47:20:47:20:47:51":3,"s:48:8:48:Infinity":10,"s:53:21:53:Infinity":11,"s:56:20:56:Infinity":12,"s:58:38:61:Infinity":13,"s:64:4:67:Infinity":14,"s:69:4:69:Infinity":15,"f:75:8:75:24":2,"s:76:40:76:Infinity":16,"s:77:23:77:Infinity":17,"s:78:20:78:Infinity":18,"s:81:22:81:Infinity":19,"s:83:4:97:Infinity":20,"s:85:6:85:Infinity":21,"s:87:21:87:Infinity":22,"s:88:23:88:Infinity":23,"s:91:23:91:Infinity":24,"f:91:44:91:45":3,"s:91:54:91:81":25,"s:92:6:92:Infinity":26,"s:95:6:95:Infinity":27,"s:96:6:96:Infinity":28,"b:97:13:97:29:97:29:97:Infinity":4,"s:99:4:99:Infinity":29,"f:105:8:105:26":4,"s:107:4:107:Infinity":30,"s:109:19:109:Infinity":31,"s:110:21:110:Infinity":32,"s:112:4:112:Infinity":33,"f:118:16:118:26":5,"s:119:16:119:Infinity":34,"s:121:4:133:Infinity":35,"s:122:26:127:Infinity":36,"s:129:6:129:Infinity":37,"s:131:6:131:Infinity":38,"s:132:6:132:Infinity":39,"f:139:10:139:Infinity":6,"s:144:4:156:Infinity":40,"f:162:10:162:29":7,"s:164:6:166:Infinity":41,"b:165:10:165:Infinity:166:10:166:Infinity":5,"s:167:4:167:Infinity":42,"f:173:10:173:27":8,"s:174:4:184:Infinity":43,"b:177:16:177:46:177:46:177:Infinity":6,"b:178:28:178:63:178:63:178:Infinity":7,"b:179:22:179:52:179:52:179:Infinity":8,"b:180:20:180:46:180:46:180:Infinity":9,"b:181:24:181:54:181:54:181:Infinity":10,"b:182:24:182:59:182:59:182:Infinity":11,"f:190:10:190:27":9,"s:191:25:191:Infinity":44,"b:191:25:191:59:191:59:191:Infinity":12,"s:192:26:192:Infinity":45,"b:192:26:192:65:192:65:192:Infinity":13,"s:193:28:193:Infinity":46,"b:193:28:193:68:193:68:193:Infinity":14,"s:194:28:194:Infinity":47,"b:194:28:194:62:194:62:194:Infinity":15,"s:197:27:197:Infinity":48,"b:197:48:197:89:197:89:197:Infinity":16,"s:199:4:208:Infinity":49,"b:202:23:202:62:202:62:202:Infinity":17,"b:205:16:205:46:205:46:205:Infinity":18,"f:214:10:214:20":10,"s:215:17:215:Infinity":50,"b:215:17:215:40:215:40:215:Infinity":19,"s:216:4:216:Infinity":51,"f:222:16:222:50":11,"s:223:16:223:Infinity":52,"s:224:20:224:Infinity":53,"b:226:4:228:Infinity:undefined:undefined:undefined:undefined":20,"s:226:4:228:Infinity":54,"s:227:6:227:Infinity":55,"f:227:24:227:25":12,"s:227:37:227:92":56,"s:230:4:230:Infinity":57,"f:236:2:236:21":13,"s:237:4:237:Infinity":58,"f:243:2:243:20":14,"s:244:21:244:Infinity":59,"s:245:4:245:Infinity":60}}}
,"/Users/sage/sageahn/SageInvest/lib/kis/config-repository.ts": {"path":"/Users/sage/sageahn/SageInvest/lib/kis/config-repository.ts","statementMap":{"0":{"start":{"line":11,"column":10},"end":{"line":11,"column":null}},"1":{"start":{"line":12,"column":10},"end":{"line":12,"column":null}},"2":{"start":{"line":14,"column":21},"end":{"line":14,"column":null}},"3":{"start":{"line":16,"column":4},"end":{"line":29,"column":null}},"4":{"start":{"line":17,"column":6},"end":{"line":22,"column":null}},"5":{"start":{"line":24,"column":6},"end":{"line":28,"column":null}},"6":{"start":{"line":36,"column":19},"end":{"line":41,"column":null}},"7":{"start":{"line":43,"column":4},"end":{"line":45,"column":null}},"8":{"start":{"line":44,"column":6},"end":{"line":44,"column":null}},"9":{"start":{"line":47,"column":16},"end":{"line":47,"column":null}},"10":{"start":{"line":48,"column":4},"end":{"line":55,"column":null}},"11":{"start":{"line":62,"column":4},"end":{"line":62,"column":null}},"12":{"start":{"line":69,"column":19},"end":{"line":69,"column":null}},"13":{"start":{"line":70,"column":4},"end":{"line":70,"column":null}},"14":{"start":{"line":74,"column":32},"end":{"line":74,"column":null}}},"fnMap":{"0":{"name":"(anonymous_0)","decl":{"start":{"line":10,"column":8},"end":{"line":10,"column":19}},"loc":{"start":{"line":10,"column":98},"end":{"line":30,"column":null}},"line":10},"1":{"name":"(anonymous_1)","decl":{"start":{"line":35,"column":8},"end":{"line":35,"column":47}},"loc":{"start":{"line":35,"column":47},"end":{"line":56,"column":null}},"line":35},"2":{"name":"(anonymous_2)","decl":{"start":{"line":61,"column":8},"end":{"line":61,"column":38}},"loc":{"start":{"line":61,"column":38},"end":{"line":63,"column":null}},"line":61},"3":{"name":"(anonymous_3)","decl":{"start":{"line":68,"column":8},"end":{"line":68,"column":38}},"loc":{"start":{"line":68,"column":38},"end":{"line":71,"column":null}},"line":68}},"branchMap":{"0":{"loc":{"start":{"line":16,"column":4},"end":{"line":29,"column":null}},"type":"if","locations":[{"start":{"line":16,"column":4},"end":{"line":29,"column":null}},{"start":{"line":23,"column":11},"end":{"line":29,"column":null}}],"line":16},"1":{"loc":{"start":{"line":43,"column":4},"end":{"line":45,"column":null}},"type":"if","locations":[{"start":{"line":43,"column":4},"end":{"line":45,"column":null}},{"start":{},"end":{}}],"line":43}},"s":{"0":1,"1":1,"2":1,"3":1,"4":0,"5":1,"6":3,"7":3,"8":2,"9":1,"10":1,"11":0,"12":0,"13":0,"14":1},"f":{"0":1,"1":3,"2":0,"3":0},"b":{"0":[0,1],"1":[2,1]},"meta":{"lastBranch":2,"lastFunction":4,"lastStatement":15,"seen":{"f:10:8:10:19":0,"s:11:10:11:Infinity":0,"s:12:10:12:Infinity":1,"s:14:21:14:Infinity":2,"b:16:4:29:Infinity:23:11:29:Infinity":0,"s:16:4:29:Infinity":3,"s:17:6:22:Infinity":4,"s:24:6:28:Infinity":5,"f:35:8:35:47":1,"s:36:19:41:Infinity":6,"b:43:4:45:Infinity:undefined:undefined:undefined:undefined":1,"s:43:4:45:Infinity":7,"s:44:6:44:Infinity":8,"s:47:16:47:Infinity":9,"s:48:4:55:Infinity":10,"f:61:8:61:38":2,"s:62:4:62:Infinity":11,"f:68:8:68:38":3,"s:69:19:69:Infinity":12,"s:70:4:70:Infinity":13,"s:74:32:74:Infinity":14}}}
,"/Users/sage/sageahn/SageInvest/lib/kis/crypto.ts": {"path":"/Users/sage/sageahn/SageInvest/lib/kis/crypto.ts","statementMap":{"0":{"start":{"line":4,"column":18},"end":{"line":4,"column":null}},"1":{"start":{"line":5,"column":18},"end":{"line":5,"column":null}},"2":{"start":{"line":6,"column":20},"end":{"line":6,"column":null}},"3":{"start":{"line":7,"column":19},"end":{"line":7,"column":null}},"4":{"start":{"line":10,"column":17},"end":{"line":10,"column":null}},"5":{"start":{"line":11,"column":2},"end":{"line":13,"column":null}},"6":{"start":{"line":12,"column":4},"end":{"line":12,"column":null}},"7":{"start":{"line":14,"column":2},"end":{"line":16,"column":null}},"8":{"start":{"line":15,"column":4},"end":{"line":15,"column":null}},"9":{"start":{"line":17,"column":2},"end":{"line":17,"column":null}},"10":{"start":{"line":21,"column":14},"end":{"line":21,"column":null}},"11":{"start":{"line":22,"column":13},"end":{"line":22,"column":null}},"12":{"start":{"line":23,"column":15},"end":{"line":23,"column":null}},"13":{"start":{"line":25,"column":17},"end":{"line":25,"column":null}},"14":{"start":{"line":26,"column":18},"end":{"line":26,"column":null}},"15":{"start":{"line":27,"column":2},"end":{"line":27,"column":null}},"16":{"start":{"line":29,"column":18},"end":{"line":29,"column":null}},"17":{"start":{"line":32,"column":17},"end":{"line":32,"column":null}},"18":{"start":{"line":33,"column":2},"end":{"line":33,"column":null}},"19":{"start":{"line":37,"column":14},"end":{"line":37,"column":null}},"20":{"start":{"line":40,"column":16},"end":{"line":40,"column":null}},"21":{"start":{"line":41,"column":21},"end":{"line":44,"column":null}},"22":{"start":{"line":45,"column":20},"end":{"line":45,"column":null}},"23":{"start":{"line":47,"column":13},"end":{"line":47,"column":null}},"24":{"start":{"line":48,"column":18},"end":{"line":48,"column":null}},"25":{"start":{"line":50,"column":19},"end":{"line":50,"column":null}},"26":{"start":{"line":51,"column":2},"end":{"line":51,"column":null}},"27":{"start":{"line":53,"column":18},"end":{"line":53,"column":null}},"28":{"start":{"line":54,"column":2},"end":{"line":54,"column":null}},"29":{"start":{"line":56,"column":2},"end":{"line":56,"column":null}}},"fnMap":{"0":{"name":"getEncryptionKey","decl":{"start":{"line":9,"column":9},"end":{"line":9,"column":36}},"loc":{"start":{"line":9,"column":36},"end":{"line":18,"column":null}},"line":9},"1":{"name":"encrypt","decl":{"start":{"line":20,"column":16},"end":{"line":20,"column":24}},"loc":{"start":{"line":20,"column":51},"end":{"line":34,"column":null}},"line":20},"2":{"name":"decrypt","decl":{"start":{"line":36,"column":16},"end":{"line":36,"column":24}},"loc":{"start":{"line":36,"column":52},"end":{"line":57,"column":null}},"line":36}},"branchMap":{"0":{"loc":{"start":{"line":11,"column":2},"end":{"line":13,"column":null}},"type":"if","locations":[{"start":{"line":11,"column":2},"end":{"line":13,"column":null}},{"start":{},"end":{}}],"line":11},"1":{"loc":{"start":{"line":14,"column":2},"end":{"line":16,"column":null}},"type":"if","locations":[{"start":{"line":14,"column":2},"end":{"line":16,"column":null}},{"start":{},"end":{}}],"line":14}},"s":{"0":1,"1":1,"2":1,"3":1,"4":25,"5":25,"6":2,"7":23,"8":0,"9":23,"10":14,"11":14,"12":14,"13":14,"14":14,"15":14,"16":14,"17":14,"18":14,"19":11,"20":11,"21":11,"22":11,"23":11,"24":11,"25":11,"26":11,"27":11,"28":11,"29":11},"f":{"0":25,"1":14,"2":11},"b":{"0":[2,23],"1":[0,23]},"meta":{"lastBranch":2,"lastFunction":3,"lastStatement":30,"seen":{"s:4:18:4:Infinity":0,"s:5:18:5:Infinity":1,"s:6:20:6:Infinity":2,"s:7:19:7:Infinity":3,"f:9:9:9:36":0,"s:10:17:10:Infinity":4,"b:11:2:13:Infinity:undefined:undefined:undefined:undefined":0,"s:11:2:13:Infinity":5,"s:12:4:12:Infinity":6,"b:14:2:16:Infinity:undefined:undefined:undefined:undefined":1,"s:14:2:16:Infinity":7,"s:15:4:15:Infinity":8,"s:17:2:17:Infinity":9,"f:20:16:20:24":1,"s:21:14:21:Infinity":10,"s:22:13:22:Infinity":11,"s:23:15:23:Infinity":12,"s:25:17:25:Infinity":13,"s:26:18:26:Infinity":14,"s:27:2:27:Infinity":15,"s:29:18:29:Infinity":16,"s:32:17:32:Infinity":17,"s:33:2:33:Infinity":18,"f:36:16:36:24":2,"s:37:14:37:Infinity":19,"s:40:16:40:Infinity":20,"s:41:21:44:Infinity":21,"s:45:20:45:Infinity":22,"s:47:13:47:Infinity":23,"s:48:18:48:Infinity":24,"s:50:19:50:Infinity":25,"s:51:2:51:Infinity":26,"s:53:18:53:Infinity":27,"s:54:2:54:Infinity":28,"s:56:2:56:Infinity":29}}}
,"/Users/sage/sageahn/SageInvest/lib/kis/retry.ts": {"path":"/Users/sage/sageahn/SageInvest/lib/kis/retry.ts","statementMap":{"0":{"start":{"line":21,"column":6},"end":{"line":21,"column":null}},"1":{"start":{"line":25,"column":2},"end":{"line":47,"column":null}},"2":{"start":{"line":25,"column":21},"end":{"line":25,"column":24}},"3":{"start":{"line":26,"column":4},"end":{"line":46,"column":null}},"4":{"start":{"line":27,"column":6},"end":{"line":27,"column":null}},"5":{"start":{"line":29,"column":6},"end":{"line":29,"column":null}},"6":{"start":{"line":32,"column":6},"end":{"line":34,"column":null}},"7":{"start":{"line":33,"column":8},"end":{"line":33,"column":null}},"8":{"start":{"line":37,"column":20},"end":{"line":37,"column":null}},"9":{"start":{"line":39,"column":6},"end":{"line":42,"column":null}},"10":{"start":{"line":45,"column":6},"end":{"line":45,"column":null}},"11":{"start":{"line":45,"column":37},"end":{"line":45,"column":63}},"12":{"start":{"line":49,"column":2},"end":{"line":49,"column":null}},"13":{"start":{"line":57,"column":2},"end":{"line":59,"column":null}},"14":{"start":{"line":58,"column":4},"end":{"line":58,"column":null}},"15":{"start":{"line":62,"column":31},"end":{"line":69,"column":null}},"16":{"start":{"line":71,"column":2},"end":{"line":71,"column":null}},"17":{"start":{"line":82,"column":27},"end":{"line":82,"column":null}},"18":{"start":{"line":83,"column":17},"end":{"line":83,"column":null}},"19":{"start":{"line":84,"column":2},"end":{"line":84,"column":null}},"20":{"start":{"line":92,"column":2},"end":{"line":94,"column":null}},"21":{"start":{"line":93,"column":4},"end":{"line":93,"column":null}},"22":{"start":{"line":97,"column":31},"end":{"line":104,"column":null}},"23":{"start":{"line":106,"column":2},"end":{"line":106,"column":null}}},"fnMap":{"0":{"name":"retryWithBackoff","decl":{"start":{"line":12,"column":22},"end":{"line":12,"column":null}},"loc":{"start":{"line":15,"column":14},"end":{"line":50,"column":null}},"line":15},"1":{"name":"(anonymous_1)","decl":{"start":{"line":45,"column":24},"end":{"line":45,"column":25}},"loc":{"start":{"line":45,"column":37},"end":{"line":45,"column":63}},"line":45},"2":{"name":"defaultShouldRetry","decl":{"start":{"line":55,"column":9},"end":{"line":55,"column":28}},"loc":{"start":{"line":55,"column":49},"end":{"line":72,"column":null}},"line":55},"3":{"name":"calculateRetryDelay","decl":{"start":{"line":77,"column":16},"end":{"line":77,"column":null}},"loc":{"start":{"line":81,"column":10},"end":{"line":85,"column":null}},"line":81},"4":{"name":"isRetryableError","decl":{"start":{"line":90,"column":16},"end":{"line":90,"column":33}},"loc":{"start":{"line":90,"column":54},"end":{"line":107,"column":null}},"line":90}},"branchMap":{"0":{"loc":{"start":{"line":14,"column":2},"end":{"line":14,"column":null}},"type":"default-arg","locations":[{"start":{"line":14,"column":26},"end":{"line":14,"column":null}}],"line":14},"1":{"loc":{"start":{"line":17,"column":4},"end":{"line":17,"column":null}},"type":"default-arg","locations":[{"start":{"line":17,"column":17},"end":{"line":17,"column":null}}],"line":17},"2":{"loc":{"start":{"line":18,"column":4},"end":{"line":18,"column":null}},"type":"default-arg","locations":[{"start":{"line":18,"column":16},"end":{"line":18,"column":null}}],"line":18},"3":{"loc":{"start":{"line":19,"column":4},"end":{"line":19,"column":null}},"type":"default-arg","locations":[{"start":{"line":19,"column":15},"end":{"line":19,"column":null}}],"line":19},"4":{"loc":{"start":{"line":20,"column":4},"end":{"line":20,"column":null}},"type":"default-arg","locations":[{"start":{"line":20,"column":18},"end":{"line":20,"column":null}}],"line":20},"5":{"loc":{"start":{"line":32,"column":6},"end":{"line":34,"column":null}},"type":"if","locations":[{"start":{"line":32,"column":6},"end":{"line":34,"column":null}},{"start":{},"end":{}}],"line":32},"6":{"loc":{"start":{"line":32,"column":10},"end":{"line":32,"column":57}},"type":"binary-expr","locations":[{"start":{"line":32,"column":10},"end":{"line":32,"column":33}},{"start":{"line":32,"column":33},"end":{"line":32,"column":57}}],"line":32},"7":{"loc":{"start":{"line":41,"column":8},"end":{"line":41,"column":null}},"type":"binary-expr","locations":[{"start":{"line":41,"column":8},"end":{"line":41,"column":33}},{"start":{"line":41,"column":33},"end":{"line":41,"column":null}}],"line":41},"8":{"loc":{"start":{"line":57,"column":2},"end":{"line":59,"column":null}},"type":"if","locations":[{"start":{"line":57,"column":2},"end":{"line":59,"column":null}},{"start":{},"end":{}}],"line":57},"9":{"loc":{"start":{"line":79,"column":2},"end":{"line":79,"column":null}},"type":"default-arg","locations":[{"start":{"line":79,"column":22},"end":{"line":79,"column":null}}],"line":79},"10":{"loc":{"start":{"line":80,"column":2},"end":{"line":80,"column":null}},"type":"default-arg","locations":[{"start":{"line":80,"column":21},"end":{"line":80,"column":null}}],"line":80},"11":{"loc":{"start":{"line":92,"column":2},"end":{"line":94,"column":null}},"type":"if","locations":[{"start":{"line":92,"column":2},"end":{"line":94,"column":null}},{"start":{},"end":{}}],"line":92}},"s":{"0":8,"1":8,"2":8,"3":17,"4":17,"5":11,"6":11,"7":2,"8":9,"9":9,"10":11,"11":9,"12":9,"13":10,"14":8,"15":2,"16":2,"17":6,"18":6,"19":6,"20":10,"21":1,"22":9,"23":9},"f":{"0":8,"1":9,"2":10,"3":6,"4":10},"b":{"0":[8],"1":[8],"2":[8],"3":[8],"4":[8],"5":[2,9],"6":[11,10],"7":[9,0],"8":[8,2],"9":[6],"10":[6],"11":[1,9]},"meta":{"lastBranch":12,"lastFunction":5,"lastStatement":24,"seen":{"f:12:22:12:Infinity":0,"b:14:26:14:Infinity":0,"s:21:6:21:Infinity":0,"b:17:17:17:Infinity":1,"b:18:16:18:Infinity":2,"b:19:15:19:Infinity":3,"b:20:18:20:Infinity":4,"s:25:2:47:Infinity":1,"s:25:21:25:24":2,"s:26:4:46:Infinity":3,"s:27:6:27:Infinity":4,"s:29:6:29:Infinity":5,"b:32:6:34:Infinity:undefined:undefined:undefined:undefined":5,"s:32:6:34:Infinity":6,"b:32:10:32:33:32:33:32:57":6,"s:33:8:33:Infinity":7,"s:37:20:37:Infinity":8,"s:39:6:42:Infinity":9,"b:41:8:41:33:41:33:41:Infinity":7,"s:45:6:45:Infinity":10,"f:45:24:45:25":1,"s:45:37:45:63":11,"s:49:2:49:Infinity":12,"f:55:9:55:28":2,"b:57:2:59:Infinity:undefined:undefined:undefined:undefined":8,"s:57:2:59:Infinity":13,"s:58:4:58:Infinity":14,"s:62:31:69:Infinity":15,"s:71:2:71:Infinity":16,"f:77:16:77:Infinity":3,"b:79:22:79:Infinity":9,"b:80:21:80:Infinity":10,"s:82:27:82:Infinity":17,"s:83:17:83:Infinity":18,"s:84:2:84:Infinity":19,"f:90:16:90:33":4,"b:92:2:94:Infinity:undefined:undefined:undefined:undefined":11,"s:92:2:94:Infinity":20,"s:93:4:93:Infinity":21,"s:97:31:104:Infinity":22,"s:106:2:106:Infinity":23}}}
,"/Users/sage/sageahn/SageInvest/lib/kis/token-repository.ts": {"path":"/Users/sage/sageahn/SageInvest/lib/kis/token-repository.ts","statementMap":{"0":{"start":{"line":22,"column":26},"end":{"line":22,"column":null}},"1":{"start":{"line":24,"column":10},"end":{"line":24,"column":null}},"2":{"start":{"line":26,"column":4},"end":{"line":39,"column":null}},"3":{"start":{"line":27,"column":6},"end":{"line":32,"column":null}},"4":{"start":{"line":34,"column":6},"end":{"line":38,"column":null}},"5":{"start":{"line":46,"column":19},"end":{"line":53,"column":null}},"6":{"start":{"line":55,"column":4},"end":{"line":57,"column":null}},"7":{"start":{"line":56,"column":6},"end":{"line":56,"column":null}},"8":{"start":{"line":59,"column":16},"end":{"line":59,"column":null}},"9":{"start":{"line":60,"column":4},"end":{"line":65,"column":null}},"10":{"start":{"line":72,"column":4},"end":{"line":72,"column":null}},"11":{"start":{"line":79,"column":18},"end":{"line":79,"column":null}},"12":{"start":{"line":80,"column":4},"end":{"line":82,"column":null}},"13":{"start":{"line":81,"column":6},"end":{"line":81,"column":null}},"14":{"start":{"line":84,"column":27},"end":{"line":84,"column":null}},"15":{"start":{"line":85,"column":4},"end":{"line":85,"column":null}},"16":{"start":{"line":89,"column":31},"end":{"line":89,"column":null}}},"fnMap":{"0":{"name":"(anonymous_0)","decl":{"start":{"line":21,"column":8},"end":{"line":21,"column":18}},"loc":{"start":{"line":21,"column":83},"end":{"line":40,"column":null}},"line":21},"1":{"name":"(anonymous_1)","decl":{"start":{"line":45,"column":8},"end":{"line":45,"column":17}},"loc":{"start":{"line":45,"column":76},"end":{"line":66,"column":null}},"line":45},"2":{"name":"(anonymous_2)","decl":{"start":{"line":71,"column":8},"end":{"line":71,"column":20}},"loc":{"start":{"line":71,"column":64},"end":{"line":73,"column":null}},"line":71},"3":{"name":"(anonymous_3)","decl":{"start":{"line":78,"column":8},"end":{"line":78,"column":23}},"loc":{"start":{"line":78,"column":70},"end":{"line":86,"column":null}},"line":78}},"branchMap":{"0":{"loc":{"start":{"line":26,"column":4},"end":{"line":39,"column":null}},"type":"if","locations":[{"start":{"line":26,"column":4},"end":{"line":39,"column":null}},{"start":{"line":33,"column":11},"end":{"line":39,"column":null}}],"line":26},"1":{"loc":{"start":{"line":55,"column":4},"end":{"line":57,"column":null}},"type":"if","locations":[{"start":{"line":55,"column":4},"end":{"line":57,"column":null}},{"start":{},"end":{}}],"line":55},"2":{"loc":{"start":{"line":80,"column":4},"end":{"line":82,"column":null}},"type":"if","locations":[{"start":{"line":80,"column":4},"end":{"line":82,"column":null}},{"start":{},"end":{}}],"line":80}},"s":{"0":2,"1":2,"2":2,"3":1,"4":1,"5":3,"6":3,"7":2,"8":1,"9":1,"10":0,"11":2,"12":2,"13":0,"14":2,"15":2,"16":1},"f":{"0":2,"1":3,"2":0,"3":2},"b":{"0":[1,1],"1":[2,1],"2":[0,2]},"meta":{"lastBranch":3,"lastFunction":4,"lastStatement":17,"seen":{"f:21:8:21:18":0,"s:22:26:22:Infinity":0,"s:24:10:24:Infinity":1,"b:26:4:39:Infinity:33:11:39:Infinity":0,"s:26:4:39:Infinity":2,"s:27:6:32:Infinity":3,"s:34:6:38:Infinity":4,"f:45:8:45:17":1,"s:46:19:53:Infinity":5,"b:55:4:57:Infinity:undefined:undefined:undefined:undefined":1,"s:55:4:57:Infinity":6,"s:56:6:56:Infinity":7,"s:59:16:59:Infinity":8,"s:60:4:65:Infinity":9,"f:71:8:71:20":2,"s:72:4:72:Infinity":10,"f:78:8:78:23":3,"s:79:18:79:Infinity":11,"b:80:4:82:Infinity:undefined:undefined:undefined:undefined":2,"s:80:4:82:Infinity":12,"s:81:6:81:Infinity":13,"s:84:27:84:Infinity":14,"s:85:4:85:Infinity":15,"s:89:31:89:Infinity":16}}}
}
