{"/Users/sage/sageahn/SageInvest/app/api/watchlist/route.ts": {"path":"/Users/sage/sageahn/SageInvest/app/api/watchlist/route.ts","statementMap":{"0":{"start":{"line":13,"column":2},"end":{"line":24,"column":null}},"1":{"start":{"line":14,"column":18},"end":{"line":14,"column":null}},"2":{"start":{"line":15,"column":4},"end":{"line":15,"column":null}},"3":{"start":{"line":17,"column":4},"end":{"line":17,"column":null}},"4":{"start":{"line":19,"column":4},"end":{"line":21,"column":null}},"5":{"start":{"line":20,"column":6},"end":{"line":20,"column":null}},"6":{"start":{"line":23,"column":4},"end":{"line":23,"column":null}},"7":{"start":{"line":32,"column":2},"end":{"line":50,"column":null}},"8":{"start":{"line":33,"column":17},"end":{"line":33,"column":null}},"9":{"start":{"line":34,"column":37},"end":{"line":34,"column":null}},"10":{"start":{"line":37,"column":4},"end":{"line":39,"column":null}},"11":{"start":{"line":38,"column":6},"end":{"line":38,"column":null}},"12":{"start":{"line":41,"column":4},"end":{"line":43,"column":null}},"13":{"start":{"line":42,"column":6},"end":{"line":42,"column":null}},"14":{"start":{"line":45,"column":17},"end":{"line":45,"column":null}},"15":{"start":{"line":46,"column":4},"end":{"line":46,"column":null}},"16":{"start":{"line":48,"column":4},"end":{"line":48,"column":null}},"17":{"start":{"line":49,"column":4},"end":{"line":49,"column":null}}},"fnMap":{"0":{"name":"GET","decl":{"start":{"line":12,"column":22},"end":{"line":12,"column":28}},"loc":{"start":{"line":12,"column":28},"end":{"line":25,"column":null}},"line":12},"1":{"name":"POST","decl":{"start":{"line":31,"column":22},"end":{"line":31,"column":27}},"loc":{"start":{"line":31,"column":49},"end":{"line":51,"column":null}},"line":31}},"branchMap":{"0":{"loc":{"start":{"line":19,"column":4},"end":{"line":21,"column":null}},"type":"if","locations":[{"start":{"line":19,"column":4},"end":{"line":21,"column":null}},{"start":{},"end":{}}],"line":19},"1":{"loc":{"start":{"line":37,"column":4},"end":{"line":39,"column":null}},"type":"if","locations":[{"start":{"line":37,"column":4},"end":{"line":39,"column":null}},{"start":{},"end":{}}],"line":37},"2":{"loc":{"start":{"line":37,"column":8},"end":{"line":37,"column":34}},"type":"binary-expr","locations":[{"start":{"line":37,"column":8},"end":{"line":37,"column":22}},{"start":{"line":37,"column":22},"end":{"line":37,"column":34}}],"line":37},"3":{"loc":{"start":{"line":41,"column":4},"end":{"line":43,"column":null}},"type":"if","locations":[{"start":{"line":41,"column":4},"end":{"line":43,"column":null}},{"start":{},"end":{}}],"line":41}},"s":{"0":4,"1":4,"2":2,"3":2,"4":2,"5":1,"6":1,"7":7,"8":7,"9":7,"10":7,"11":3,"12":4,"13":2,"14":2,"15":1,"16":1,"17":1},"f":{"0":4,"1":7},"b":{"0":[1,1],"1":[3,4],"2":[7,5],"3":[2,2]},"meta":{"lastBranch":4,"lastFunction":2,"lastStatement":18,"seen":{"f:12:22:12:28":0,"s:13:2:24:Infinity":0,"s:14:18:14:Infinity":1,"s:15:4:15:Infinity":2,"s:17:4:17:Infinity":3,"b:19:4:21:Infinity:undefined:undefined:undefined:undefined":0,"s:19:4:21:Infinity":4,"s:20:6:20:Infinity":5,"s:23:4:23:Infinity":6,"f:31:22:31:27":1,"s:32:2:50:Infinity":7,"s:33:17:33:Infinity":8,"s:34:37:34:Infinity":9,"b:37:4:39:Infinity:undefined:undefined:undefined:undefined":1,"s:37:4:39:Infinity":10,"b:37:8:37:22:37:22:37:34":2,"s:38:6:38:Infinity":11,"b:41:4:43:Infinity:undefined:undefined:undefined:undefined":3,"s:41:4:43:Infinity":12,"s:42:6:42:Infinity":13,"s:45:17:45:Infinity":14,"s:46:4:46:Infinity":15,"s:48:4:48:Infinity":16,"s:49:4:49:Infinity":17}}}
,"/Users/sage/sageahn/SageInvest/app/api/watchlist/[id]/route.ts": {"path":"/Users/sage/sageahn/SageInvest/app/api/watchlist/[id]/route.ts","statementMap":{"0":{"start":{"line":11,"column":2},"end":{"line":23,"column":null}},"1":{"start":{"line":12,"column":15},"end":{"line":12,"column":null}},"2":{"start":{"line":14,"column":4},"end":{"line":16,"column":null}},"3":{"start":{"line":15,"column":6},"end":{"line":15,"column":null}},"4":{"start":{"line":18,"column":4},"end":{"line":18,"column":null}},"5":{"start":{"line":19,"column":4},"end":{"line":19,"column":null}},"6":{"start":{"line":21,"column":4},"end":{"line":21,"column":null}},"7":{"start":{"line":22,"column":4},"end":{"line":22,"column":null}}},"fnMap":{"0":{"name":"DELETE","decl":{"start":{"line":10,"column":22},"end":{"line":10,"column":29}},"loc":{"start":{"line":10,"column":92},"end":{"line":24,"column":null}},"line":10}},"branchMap":{"0":{"loc":{"start":{"line":14,"column":4},"end":{"line":16,"column":null}},"type":"if","locations":[{"start":{"line":14,"column":4},"end":{"line":16,"column":null}},{"start":{},"end":{}}],"line":14}},"s":{"0":3,"1":3,"2":3,"3":1,"4":2,"5":1,"6":1,"7":1},"f":{"0":3},"b":{"0":[1,2]},"meta":{"lastBranch":1,"lastFunction":1,"lastStatement":8,"seen":{"f:10:22:10:29":0,"s:11:2:23:Infinity":0,"s:12:15:12:Infinity":1,"b:14:4:16:Infinity:undefined:undefined:undefined:undefined":0,"s:14:4:16:Infinity":2,"s:15:6:15:Infinity":3,"s:18:4:18:Infinity":4,"s:19:4:19:Infinity":5,"s:21:4:21:Infinity":6,"s:22:4:22:Infinity":7}}}
,"/Users/sage/sageahn/SageInvest/app/api/watchlist/code/[code]/route.ts": {"path":"/Users/sage/sageahn/SageInvest/app/api/watchlist/code/[code]/route.ts","statementMap":{"0":{"start":{"line":11,"column":2},"end":{"line":23,"column":null}},"1":{"start":{"line":12,"column":22},"end":{"line":12,"column":null}},"2":{"start":{"line":14,"column":4},"end":{"line":16,"column":null}},"3":{"start":{"line":15,"column":6},"end":{"line":15,"column":null}},"4":{"start":{"line":18,"column":4},"end":{"line":18,"column":null}},"5":{"start":{"line":19,"column":4},"end":{"line":19,"column":null}},"6":{"start":{"line":21,"column":4},"end":{"line":21,"column":null}},"7":{"start":{"line":22,"column":4},"end":{"line":22,"column":null}}},"fnMap":{"0":{"name":"DELETE","decl":{"start":{"line":10,"column":22},"end":{"line":10,"column":29}},"loc":{"start":{"line":10,"column":94},"end":{"line":24,"column":null}},"line":10}},"branchMap":{"0":{"loc":{"start":{"line":14,"column":4},"end":{"line":16,"column":null}},"type":"if","locations":[{"start":{"line":14,"column":4},"end":{"line":16,"column":null}},{"start":{},"end":{}}],"line":14},"1":{"loc":{"start":{"line":14,"column":8},"end":{"line":14,"column":50}},"type":"binary-expr","locations":[{"start":{"line":14,"column":8},"end":{"line":14,"column":22}},{"start":{"line":14,"column":22},"end":{"line":14,"column":50}}],"line":14}},"s":{"0":5,"1":5,"2":5,"3":3,"4":2,"5":1,"6":1,"7":1},"f":{"0":5},"b":{"0":[3,2],"1":[5,4]},"meta":{"lastBranch":2,"lastFunction":1,"lastStatement":8,"seen":{"f:10:22:10:29":0,"s:11:2:23:Infinity":0,"s:12:22:12:Infinity":1,"b:14:4:16:Infinity:undefined:undefined:undefined:undefined":0,"s:14:4:16:Infinity":2,"b:14:8:14:22:14:22:14:50":1,"s:15:6:15:Infinity":3,"s:18:4:18:Infinity":4,"s:19:4:19:Infinity":5,"s:21:4:21:Infinity":6,"s:22:4:22:Infinity":7}}}
,"/Users/sage/sageahn/SageInvest/app/api/watchlist/recent/route.ts": {"path":"/Users/sage/sageahn/SageInvest/app/api/watchlist/recent/route.ts","statementMap":{"0":{"start":{"line":12,"column":2},"end":{"line":26,"column":null}},"1":{"start":{"line":13,"column":29},"end":{"line":13,"column":null}},"2":{"start":{"line":14,"column":18},"end":{"line":14,"column":null}},"3":{"start":{"line":16,"column":18},"end":{"line":16,"column":null}},"4":{"start":{"line":17,"column":4},"end":{"line":17,"column":null}},"5":{"start":{"line":19,"column":4},"end":{"line":19,"column":null}},"6":{"start":{"line":21,"column":4},"end":{"line":23,"column":null}},"7":{"start":{"line":22,"column":6},"end":{"line":22,"column":null}},"8":{"start":{"line":25,"column":4},"end":{"line":25,"column":null}},"9":{"start":{"line":34,"column":2},"end":{"line":52,"column":null}},"10":{"start":{"line":35,"column":17},"end":{"line":35,"column":null}},"11":{"start":{"line":36,"column":37},"end":{"line":36,"column":null}},"12":{"start":{"line":39,"column":4},"end":{"line":41,"column":null}},"13":{"start":{"line":40,"column":6},"end":{"line":40,"column":null}},"14":{"start":{"line":43,"column":4},"end":{"line":45,"column":null}},"15":{"start":{"line":44,"column":6},"end":{"line":44,"column":null}},"16":{"start":{"line":47,"column":17},"end":{"line":47,"column":null}},"17":{"start":{"line":48,"column":4},"end":{"line":48,"column":null}},"18":{"start":{"line":50,"column":4},"end":{"line":50,"column":null}},"19":{"start":{"line":51,"column":4},"end":{"line":51,"column":null}},"20":{"start":{"line":60,"column":2},"end":{"line":66,"column":null}},"21":{"start":{"line":61,"column":4},"end":{"line":61,"column":null}},"22":{"start":{"line":62,"column":4},"end":{"line":62,"column":null}},"23":{"start":{"line":64,"column":4},"end":{"line":64,"column":null}},"24":{"start":{"line":65,"column":4},"end":{"line":65,"column":null}}},"fnMap":{"0":{"name":"GET","decl":{"start":{"line":11,"column":22},"end":{"line":11,"column":26}},"loc":{"start":{"line":11,"column":48},"end":{"line":27,"column":null}},"line":11},"1":{"name":"POST","decl":{"start":{"line":33,"column":22},"end":{"line":33,"column":27}},"loc":{"start":{"line":33,"column":49},"end":{"line":53,"column":null}},"line":33},"2":{"name":"DELETE","decl":{"start":{"line":59,"column":22},"end":{"line":59,"column":31}},"loc":{"start":{"line":59,"column":31},"end":{"line":67,"column":null}},"line":59}},"branchMap":{"0":{"loc":{"start":{"line":14,"column":27},"end":{"line":14,"column":62}},"type":"binary-expr","locations":[{"start":{"line":14,"column":27},"end":{"line":14,"column":56}},{"start":{"line":14,"column":56},"end":{"line":14,"column":62}}],"line":14},"1":{"loc":{"start":{"line":21,"column":4},"end":{"line":23,"column":null}},"type":"if","locations":[{"start":{"line":21,"column":4},"end":{"line":23,"column":null}},{"start":{},"end":{}}],"line":21},"2":{"loc":{"start":{"line":39,"column":4},"end":{"line":41,"column":null}},"type":"if","locations":[{"start":{"line":39,"column":4},"end":{"line":41,"column":null}},{"start":{},"end":{}}],"line":39},"3":{"loc":{"start":{"line":39,"column":8},"end":{"line":39,"column":34}},"type":"binary-expr","locations":[{"start":{"line":39,"column":8},"end":{"line":39,"column":22}},{"start":{"line":39,"column":22},"end":{"line":39,"column":34}}],"line":39},"4":{"loc":{"start":{"line":43,"column":4},"end":{"line":45,"column":null}},"type":"if","locations":[{"start":{"line":43,"column":4},"end":{"line":45,"column":null}},{"start":{},"end":{}}],"line":43}},"s":{"0":5,"1":5,"2":5,"3":5,"4":3,"5":2,"6":2,"7":1,"8":1,"9":7,"10":7,"11":7,"12":7,"13":3,"14":4,"15":2,"16":2,"17":1,"18":1,"19":1,"20":2,"21":2,"22":1,"23":1,"24":1},"f":{"0":5,"1":7,"2":2},"b":{"0":[5,4],"1":[1,1],"2":[3,4],"3":[7,5],"4":[2,2]},"meta":{"lastBranch":5,"lastFunction":3,"lastStatement":25,"seen":{"f:11:22:11:26":0,"s:12:2:26:Infinity":0,"s:13:29:13:Infinity":1,"s:14:18:14:Infinity":2,"b:14:27:14:56:14:56:14:62":0,"s:16:18:16:Infinity":3,"s:17:4:17:Infinity":4,"s:19:4:19:Infinity":5,"b:21:4:23:Infinity:undefined:undefined:undefined:undefined":1,"s:21:4:23:Infinity":6,"s:22:6:22:Infinity":7,"s:25:4:25:Infinity":8,"f:33:22:33:27":1,"s:34:2:52:Infinity":9,"s:35:17:35:Infinity":10,"s:36:37:36:Infinity":11,"b:39:4:41:Infinity:undefined:undefined:undefined:undefined":2,"s:39:4:41:Infinity":12,"b:39:8:39:22:39:22:39:34":3,"s:40:6:40:Infinity":13,"b:43:4:45:Infinity:undefined:undefined:undefined:undefined":4,"s:43:4:45:Infinity":14,"s:44:6:44:Infinity":15,"s:47:17:47:Infinity":16,"s:48:4:48:Infinity":17,"s:50:4:50:Infinity":18,"s:51:4:51:Infinity":19,"f:59:22:59:31":2,"s:60:2:66:Infinity":20,"s:61:4:61:Infinity":21,"s:62:4:62:Infinity":22,"s:64:4:64:Infinity":23,"s:65:4:65:Infinity":24}}}
,"/Users/sage/sageahn/SageInvest/app/api/watchlist/reorder/route.ts": {"path":"/Users/sage/sageahn/SageInvest/app/api/watchlist/reorder/route.ts","statementMap":{"0":{"start":{"line":11,"column":2},"end":{"line":31,"column":null}},"1":{"start":{"line":12,"column":17},"end":{"line":12,"column":null}},"2":{"start":{"line":13,"column":24},"end":{"line":13,"column":null}},"3":{"start":{"line":16,"column":4},"end":{"line":18,"column":null}},"4":{"start":{"line":17,"column":6},"end":{"line":17,"column":null}},"5":{"start":{"line":21,"column":21},"end":{"line":21,"column":null}},"6":{"start":{"line":21,"column":43},"end":{"line":21,"column":79}},"7":{"start":{"line":22,"column":4},"end":{"line":24,"column":null}},"8":{"start":{"line":23,"column":6},"end":{"line":23,"column":null}},"9":{"start":{"line":26,"column":4},"end":{"line":26,"column":null}},"10":{"start":{"line":27,"column":4},"end":{"line":27,"column":null}},"11":{"start":{"line":29,"column":4},"end":{"line":29,"column":null}},"12":{"start":{"line":30,"column":4},"end":{"line":30,"column":null}}},"fnMap":{"0":{"name":"PUT","decl":{"start":{"line":10,"column":22},"end":{"line":10,"column":26}},"loc":{"start":{"line":10,"column":48},"end":{"line":32,"column":null}},"line":10},"1":{"name":"(anonymous_1)","decl":{"start":{"line":21,"column":35},"end":{"line":21,"column":36}},"loc":{"start":{"line":21,"column":43},"end":{"line":21,"column":79}},"line":21}},"branchMap":{"0":{"loc":{"start":{"line":16,"column":4},"end":{"line":18,"column":null}},"type":"if","locations":[{"start":{"line":16,"column":4},"end":{"line":18,"column":null}},{"start":{},"end":{}}],"line":16},"1":{"loc":{"start":{"line":16,"column":8},"end":{"line":16,"column":57}},"type":"binary-expr","locations":[{"start":{"line":16,"column":8},"end":{"line":16,"column":35}},{"start":{"line":16,"column":35},"end":{"line":16,"column":57}}],"line":16},"2":{"loc":{"start":{"line":21,"column":43},"end":{"line":21,"column":79}},"type":"binary-expr","locations":[{"start":{"line":21,"column":43},"end":{"line":21,"column":69}},{"start":{"line":21,"column":69},"end":{"line":21,"column":79}}],"line":21},"3":{"loc":{"start":{"line":22,"column":4},"end":{"line":24,"column":null}},"type":"if","locations":[{"start":{"line":22,"column":4},"end":{"line":24,"column":null}},{"start":{},"end":{}}],"line":22}},"s":{"0":6,"1":6,"2":6,"3":6,"4":3,"5":3,"6":8,"7":3,"8":1,"9":2,"10":1,"11":1,"12":1},"f":{"0":6,"1":8},"b":{"0":[3,3],"1":[6,4],"2":[8,7],"3":[1,2]},"meta":{"lastBranch":4,"lastFunction":2,"lastStatement":13,"seen":{"f:10:22:10:26":0,"s:11:2:31:Infinity":0,"s:12:17:12:Infinity":1,"s:13:24:13:Infinity":2,"b:16:4:18:Infinity:undefined:undefined:undefined:undefined":0,"s:16:4:18:Infinity":3,"b:16:8:16:35:16:35:16:57":1,"s:17:6:17:Infinity":4,"s:21:21:21:Infinity":5,"f:21:35:21:36":1,"s:21:43:21:79":6,"b:21:43:21:69:21:69:21:79":2,"b:22:4:24:Infinity:undefined:undefined:undefined:undefined":3,"s:22:4:24:Infinity":7,"s:23:6:23:Infinity":8,"s:26:4:26:Infinity":9,"s:27:4:27:Infinity":10,"s:29:4:29:Infinity":11,"s:30:4:30:Infinity":12}}}
,"/Users/sage/sageahn/SageInvest/lib/watchlist/db.ts": {"path":"/Users/sage/sageahn/SageInvest/lib/watchlist/db.ts","statementMap":{"0":{"start":{"line":15,"column":19},"end":{"line":19,"column":null}},"1":{"start":{"line":21,"column":4},"end":{"line":21,"column":null}},"2":{"start":{"line":28,"column":19},"end":{"line":30,"column":null}},"3":{"start":{"line":31,"column":4},"end":{"line":31,"column":null}},"4":{"start":{"line":39,"column":4},"end":{"line":41,"column":null}},"5":{"start":{"line":40,"column":6},"end":{"line":40,"column":null}},"6":{"start":{"line":44,"column":27},"end":{"line":46,"column":null}},"7":{"start":{"line":47,"column":22},"end":{"line":47,"column":null}},"8":{"start":{"line":49,"column":19},"end":{"line":55,"column":null}},"9":{"start":{"line":57,"column":4},"end":{"line":57,"column":null}},"10":{"start":{"line":64,"column":4},"end":{"line":64,"column":null}},"11":{"start":{"line":71,"column":4},"end":{"line":71,"column":null}},"12":{"start":{"line":78,"column":4},"end":{"line":78,"column":null}},"13":{"start":{"line":78,"column":30},"end":{"line":78,"column":null}},"14":{"start":{"line":81,"column":4},"end":{"line":85,"column":null}},"15":{"start":{"line":82,"column":6},"end":{"line":84,"column":null}},"16":{"start":{"line":82,"column":19},"end":{"line":82,"column":22}},"17":{"start":{"line":83,"column":8},"end":{"line":83,"column":null}},"18":{"start":{"line":92,"column":19},"end":{"line":98,"column":null}},"19":{"start":{"line":100,"column":4},"end":{"line":100,"column":null}},"20":{"start":{"line":108,"column":4},"end":{"line":110,"column":null}},"21":{"start":{"line":109,"column":6},"end":{"line":109,"column":null}},"22":{"start":{"line":112,"column":19},"end":{"line":120,"column":null}},"23":{"start":{"line":122,"column":4},"end":{"line":122,"column":null}},"24":{"start":{"line":129,"column":4},"end":{"line":129,"column":null}},"25":{"start":{"line":136,"column":4},"end":{"line":136,"column":null}},"26":{"start":{"line":147,"column":19},"end":{"line":151,"column":null}},"27":{"start":{"line":153,"column":4},"end":{"line":153,"column":null}},"28":{"start":{"line":160,"column":19},"end":{"line":166,"column":null}},"29":{"start":{"line":168,"column":4},"end":{"line":168,"column":null}},"30":{"start":{"line":176,"column":4},"end":{"line":183,"column":null}},"31":{"start":{"line":187,"column":4},"end":{"line":192,"column":null}},"32":{"start":{"line":196,"column":4},"end":{"line":202,"column":null}},"33":{"start":{"line":207,"column":35},"end":{"line":207,"column":null}}},"fnMap":{"0":{"name":"(anonymous_0)","decl":{"start":{"line":14,"column":8},"end":{"line":14,"column":48}},"loc":{"start":{"line":14,"column":48},"end":{"line":22,"column":null}},"line":14},"1":{"name":"(anonymous_1)","decl":{"start":{"line":27,"column":8},"end":{"line":27,"column":24}},"loc":{"start":{"line":27,"column":61},"end":{"line":32,"column":null}},"line":27},"2":{"name":"(anonymous_2)","decl":{"start":{"line":37,"column":8},"end":{"line":37,"column":16}},"loc":{"start":{"line":37,"column":78},"end":{"line":58,"column":null}},"line":37},"3":{"name":"(anonymous_3)","decl":{"start":{"line":63,"column":8},"end":{"line":63,"column":19}},"loc":{"start":{"line":63,"column":46},"end":{"line":65,"column":null}},"line":63},"4":{"name":"(anonymous_4)","decl":{"start":{"line":70,"column":8},"end":{"line":70,"column":25}},"loc":{"start":{"line":70,"column":59},"end":{"line":72,"column":null}},"line":70},"5":{"name":"(anonymous_5)","decl":{"start":{"line":77,"column":8},"end":{"line":77,"column":21}},"loc":{"start":{"line":77,"column":55},"end":{"line":86,"column":null}},"line":77},"6":{"name":"(anonymous_6)","decl":{"start":{"line":81,"column":22},"end":{"line":81,"column":29}},"loc":{"start":{"line":81,"column":40},"end":{"line":85,"column":5}},"line":81},"7":{"name":"(anonymous_7)","decl":{"start":{"line":91,"column":8},"end":{"line":91,"column":26}},"loc":{"start":{"line":91,"column":78},"end":{"line":101,"column":null}},"line":91},"8":{"name":"(anonymous_8)","decl":{"start":{"line":106,"column":8},"end":{"line":106,"column":26}},"loc":{"start":{"line":106,"column":94},"end":{"line":123,"column":null}},"line":106},"9":{"name":"(anonymous_9)","decl":{"start":{"line":128,"column":8},"end":{"line":128,"column":29}},"loc":{"start":{"line":128,"column":63},"end":{"line":130,"column":null}},"line":128},"10":{"name":"(anonymous_10)","decl":{"start":{"line":135,"column":8},"end":{"line":135,"column":45}},"loc":{"start":{"line":135,"column":45},"end":{"line":137,"column":null}},"line":135},"11":{"name":"(anonymous_11)","decl":{"start":{"line":146,"column":8},"end":{"line":146,"column":50}},"loc":{"start":{"line":146,"column":50},"end":{"line":154,"column":null}},"line":146},"12":{"name":"(anonymous_12)","decl":{"start":{"line":159,"column":8},"end":{"line":159,"column":24}},"loc":{"start":{"line":159,"column":67},"end":{"line":169,"column":null}},"line":159},"13":{"name":"(anonymous_13)","decl":{"start":{"line":175,"column":10},"end":{"line":175,"column":32}},"loc":{"start":{"line":175,"column":57},"end":{"line":184,"column":null}},"line":175},"14":{"name":"(anonymous_14)","decl":{"start":{"line":186,"column":10},"end":{"line":186,"column":33}},"loc":{"start":{"line":186,"column":64},"end":{"line":193,"column":null}},"line":186},"15":{"name":"(anonymous_15)","decl":{"start":{"line":195,"column":10},"end":{"line":195,"column":33}},"loc":{"start":{"line":195,"column":59},"end":{"line":203,"column":null}},"line":195}},"branchMap":{"0":{"loc":{"start":{"line":39,"column":4},"end":{"line":41,"column":null}},"type":"if","locations":[{"start":{"line":39,"column":4},"end":{"line":41,"column":null}},{"start":{},"end":{}}],"line":39},"1":{"loc":{"start":{"line":78,"column":4},"end":{"line":78,"column":null}},"type":"if","locations":[{"start":{"line":78,"column":4},"end":{"line":78,"column":null}},{"start":{},"end":{}}],"line":78},"2":{"loc":{"start":{"line":91,"column":26},"end":{"line":91,"column":78}},"type":"default-arg","locations":[{"start":{"line":91,"column":42},"end":{"line":91,"column":78}}],"line":91},"3":{"loc":{"start":{"line":108,"column":4},"end":{"line":110,"column":null}},"type":"if","locations":[{"start":{"line":108,"column":4},"end":{"line":110,"column":null}},{"start":{},"end":{}}],"line":108}},"s":{"0":3,"1":2,"2":2,"3":2,"4":6,"5":3,"6":3,"7":3,"8":3,"9":3,"10":1,"11":1,"12":3,"13":1,"14":2,"15":1,"16":1,"17":3,"18":2,"19":2,"20":2,"21":1,"22":1,"23":1,"24":1,"25":1,"26":1,"27":1,"28":1,"29":1,"30":6,"31":3,"32":1,"33":1},"f":{"0":3,"1":2,"2":6,"3":1,"4":1,"5":3,"6":1,"7":2,"8":2,"9":1,"10":1,"11":1,"12":1,"13":6,"14":3,"15":1},"b":{"0":[3,3],"1":[1,2],"2":[2],"3":[1,1]},"meta":{"lastBranch":4,"lastFunction":16,"lastStatement":34,"seen":{"f:14:8:14:48":0,"s:15:19:19:Infinity":0,"s:21:4:21:Infinity":1,"f:27:8:27:24":1,"s:28:19:30:Infinity":2,"s:31:4:31:Infinity":3,"f:37:8:37:16":2,"b:39:4:41:Infinity:undefined:undefined:undefined:undefined":0,"s:39:4:41:Infinity":4,"s:40:6:40:Infinity":5,"s:44:27:46:Infinity":6,"s:47:22:47:Infinity":7,"s:49:19:55:Infinity":8,"s:57:4:57:Infinity":9,"f:63:8:63:19":3,"s:64:4:64:Infinity":10,"f:70:8:70:25":4,"s:71:4:71:Infinity":11,"f:77:8:77:21":5,"b:78:4:78:Infinity:undefined:undefined:undefined:undefined":1,"s:78:4:78:Infinity":12,"s:78:30:78:Infinity":13,"s:81:4:85:Infinity":14,"f:81:22:81:29":6,"s:82:6:84:Infinity":15,"s:82:19:82:22":16,"s:83:8:83:Infinity":17,"f:91:8:91:26":7,"b:91:42:91:78":2,"s:92:19:98:Infinity":18,"s:100:4:100:Infinity":19,"f:106:8:106:26":8,"b:108:4:110:Infinity:undefined:undefined:undefined:undefined":3,"s:108:4:110:Infinity":20,"s:109:6:109:Infinity":21,"s:112:19:120:Infinity":22,"s:122:4:122:Infinity":23,"f:128:8:128:29":9,"s:129:4:129:Infinity":24,"f:135:8:135:45":10,"s:136:4:136:Infinity":25,"f:146:8:146:50":11,"s:147:19:151:Infinity":26,"s:153:4:153:Infinity":27,"f:159:8:159:24":12,"s:160:19:166:Infinity":28,"s:168:4:168:Infinity":29,"f:175:10:175:32":13,"s:176:4:183:Infinity":30,"f:186:10:186:33":14,"s:187:4:192:Infinity":31,"f:195:10:195:33":15,"s:196:4:202:Infinity":32,"s:207:35:207:Infinity":33}}}
,"/Users/sage/sageahn/SageInvest/lib/watchlist/service.ts": {"path":"/Users/sage/sageahn/SageInvest/lib/watchlist/service.ts","statementMap":{"0":{"start":{"line":20,"column":20},"end":{"line":23,"column":null}},"1":{"start":{"line":30,"column":47},"end":{"line":30,"column":null}},"2":{"start":{"line":31,"column":49},"end":{"line":31,"column":null}},"3":{"start":{"line":37,"column":4},"end":{"line":37,"column":null}},"4":{"start":{"line":37,"column":25},"end":{"line":37,"column":null}},"5":{"start":{"line":39,"column":19},"end":{"line":39,"column":null}},"6":{"start":{"line":40,"column":4},"end":{"line":42,"column":null}},"7":{"start":{"line":41,"column":6},"end":{"line":41,"column":null}},"8":{"start":{"line":44,"column":4},"end":{"line":44,"column":null}},"9":{"start":{"line":45,"column":4},"end":{"line":45,"column":null}},"10":{"start":{"line":56,"column":18},"end":{"line":56,"column":null}},"11":{"start":{"line":58,"column":4},"end":{"line":60,"column":null}},"12":{"start":{"line":59,"column":6},"end":{"line":59,"column":null}},"13":{"start":{"line":63,"column":19},"end":{"line":66,"column":null}},"14":{"start":{"line":64,"column":26},"end":{"line":64,"column":40}},"15":{"start":{"line":65,"column":26},"end":{"line":65,"column":40}},"16":{"start":{"line":69,"column":4},"end":{"line":77,"column":null}},"17":{"start":{"line":69,"column":34},"end":{"line":77,"column":6}},"18":{"start":{"line":84,"column":4},"end":{"line":84,"column":null}},"19":{"start":{"line":91,"column":4},"end":{"line":91,"column":null}},"20":{"start":{"line":98,"column":4},"end":{"line":98,"column":null}},"21":{"start":{"line":105,"column":4},"end":{"line":105,"column":null}},"22":{"start":{"line":116,"column":18},"end":{"line":116,"column":null}},"23":{"start":{"line":118,"column":4},"end":{"line":120,"column":null}},"24":{"start":{"line":119,"column":6},"end":{"line":119,"column":null}},"25":{"start":{"line":123,"column":19},"end":{"line":126,"column":null}},"26":{"start":{"line":124,"column":26},"end":{"line":124,"column":40}},"27":{"start":{"line":125,"column":26},"end":{"line":125,"column":40}},"28":{"start":{"line":129,"column":28},"end":{"line":131,"column":null}},"29":{"start":{"line":130,"column":24},"end":{"line":130,"column":72}},"30":{"start":{"line":133,"column":4},"end":{"line":141,"column":null}},"31":{"start":{"line":133,"column":41},"end":{"line":141,"column":6}},"32":{"start":{"line":148,"column":4},"end":{"line":148,"column":null}},"33":{"start":{"line":155,"column":4},"end":{"line":155,"column":null}},"34":{"start":{"line":166,"column":4},"end":{"line":166,"column":null}},"35":{"start":{"line":168,"column":16},"end":{"line":168,"column":null}},"36":{"start":{"line":169,"column":17},"end":{"line":169,"column":null}},"37":{"start":{"line":171,"column":4},"end":{"line":194,"column":null}},"38":{"start":{"line":172,"column":23},"end":{"line":180,"column":null}},"39":{"start":{"line":182,"column":6},"end":{"line":182,"column":null}},"40":{"start":{"line":185,"column":6},"end":{"line":193,"column":null}},"41":{"start":{"line":201,"column":34},"end":{"line":201,"column":null}},"42":{"start":{"line":203,"column":4},"end":{"line":219,"column":null}},"43":{"start":{"line":203,"column":17},"end":{"line":203,"column":20}},"44":{"start":{"line":204,"column":6},"end":{"line":218,"column":null}},"45":{"start":{"line":205,"column":22},"end":{"line":205,"column":null}},"46":{"start":{"line":206,"column":8},"end":{"line":206,"column":null}},"47":{"start":{"line":209,"column":8},"end":{"line":217,"column":null}},"48":{"start":{"line":221,"column":4},"end":{"line":221,"column":null}},"49":{"start":{"line":234,"column":23},"end":{"line":234,"column":null}},"50":{"start":{"line":237,"column":6},"end":{"line":239,"column":null}},"51":{"start":{"line":241,"column":4},"end":{"line":241,"column":null}},"52":{"start":{"line":248,"column":4},"end":{"line":248,"column":null}},"53":{"start":{"line":255,"column":4},"end":{"line":255,"column":null}},"54":{"start":{"line":255,"column":26},"end":{"line":255,"column":null}},"55":{"start":{"line":256,"column":4},"end":{"line":256,"column":null}},"56":{"start":{"line":256,"column":26},"end":{"line":256,"column":null}},"57":{"start":{"line":257,"column":4},"end":{"line":257,"column":null}},"58":{"start":{"line":264,"column":19},"end":{"line":264,"column":null}},"59":{"start":{"line":266,"column":25},"end":{"line":266,"column":null}},"60":{"start":{"line":267,"column":26},"end":{"line":267,"column":null}},"61":{"start":{"line":268,"column":25},"end":{"line":268,"column":null}},"62":{"start":{"line":269,"column":23},"end":{"line":269,"column":null}},"63":{"start":{"line":271,"column":4},"end":{"line":279,"column":null}},"64":{"start":{"line":286,"column":19},"end":{"line":286,"column":null}},"65":{"start":{"line":287,"column":4},"end":{"line":287,"column":null}},"66":{"start":{"line":292,"column":32},"end":{"line":292,"column":null}}},"fnMap":{"0":{"name":"(anonymous_0)","decl":{"start":{"line":36,"column":16},"end":{"line":36,"column":47}},"loc":{"start":{"line":36,"column":47},"end":{"line":46,"column":null}},"line":36},"1":{"name":"(anonymous_1)","decl":{"start":{"line":55,"column":8},"end":{"line":55,"column":62}},"loc":{"start":{"line":55,"column":62},"end":{"line":78,"column":null}},"line":55},"2":{"name":"(anonymous_2)","decl":{"start":{"line":64,"column":16},"end":{"line":64,"column":17}},"loc":{"start":{"line":64,"column":26},"end":{"line":64,"column":40}},"line":64},"3":{"name":"(anonymous_3)","decl":{"start":{"line":65,"column":16},"end":{"line":65,"column":17}},"loc":{"start":{"line":65,"column":26},"end":{"line":65,"column":40}},"line":65},"4":{"name":"(anonymous_4)","decl":{"start":{"line":69,"column":22},"end":{"line":69,"column":23}},"loc":{"start":{"line":69,"column":34},"end":{"line":77,"column":6}},"line":69},"5":{"name":"(anonymous_5)","decl":{"start":{"line":83,"column":8},"end":{"line":83,"column":23}},"loc":{"start":{"line":83,"column":85},"end":{"line":85,"column":null}},"line":83},"6":{"name":"(anonymous_6)","decl":{"start":{"line":90,"column":8},"end":{"line":90,"column":28}},"loc":{"start":{"line":90,"column":55},"end":{"line":92,"column":null}},"line":90},"7":{"name":"(anonymous_7)","decl":{"start":{"line":97,"column":8},"end":{"line":97,"column":25}},"loc":{"start":{"line":97,"column":59},"end":{"line":99,"column":null}},"line":97},"8":{"name":"(anonymous_8)","decl":{"start":{"line":104,"column":8},"end":{"line":104,"column":22}},"loc":{"start":{"line":104,"column":59},"end":{"line":106,"column":null}},"line":104},"9":{"name":"(anonymous_9)","decl":{"start":{"line":115,"column":8},"end":{"line":115,"column":36}},"loc":{"start":{"line":115,"column":82},"end":{"line":142,"column":null}},"line":115},"10":{"name":"(anonymous_10)","decl":{"start":{"line":124,"column":16},"end":{"line":124,"column":17}},"loc":{"start":{"line":124,"column":26},"end":{"line":124,"column":40}},"line":124},"11":{"name":"(anonymous_11)","decl":{"start":{"line":125,"column":16},"end":{"line":125,"column":17}},"loc":{"start":{"line":125,"column":26},"end":{"line":125,"column":40}},"line":125},"12":{"name":"(anonymous_12)","decl":{"start":{"line":130,"column":17},"end":{"line":130,"column":18}},"loc":{"start":{"line":130,"column":24},"end":{"line":130,"column":72}},"line":130},"13":{"name":"(anonymous_13)","decl":{"start":{"line":133,"column":22},"end":{"line":133,"column":23}},"loc":{"start":{"line":133,"column":41},"end":{"line":141,"column":6}},"line":133},"14":{"name":"(anonymous_14)","decl":{"start":{"line":147,"column":8},"end":{"line":147,"column":28}},"loc":{"start":{"line":147,"column":96},"end":{"line":149,"column":null}},"line":147},"15":{"name":"(anonymous_15)","decl":{"start":{"line":154,"column":8},"end":{"line":154,"column":45}},"loc":{"start":{"line":154,"column":45},"end":{"line":156,"column":null}},"line":154},"16":{"name":"(anonymous_16)","decl":{"start":{"line":165,"column":8},"end":{"line":165,"column":22}},"loc":{"start":{"line":165,"column":82},"end":{"line":195,"column":null}},"line":165},"17":{"name":"(anonymous_17)","decl":{"start":{"line":200,"column":8},"end":{"line":200,"column":26}},"loc":{"start":{"line":200,"column":94},"end":{"line":222,"column":null}},"line":200},"18":{"name":"(anonymous_18)","decl":{"start":{"line":231,"column":10},"end":{"line":231,"column":24}},"loc":{"start":{"line":231,"column":51},"end":{"line":242,"column":null}},"line":231},"19":{"name":"(anonymous_19)","decl":{"start":{"line":247,"column":10},"end":{"line":247,"column":28}},"loc":{"start":{"line":247,"column":28},"end":{"line":249,"column":null}},"line":247},"20":{"name":"(anonymous_20)","decl":{"start":{"line":254,"column":10},"end":{"line":254,"column":28}},"loc":{"start":{"line":254,"column":79},"end":{"line":258,"column":null}},"line":254},"21":{"name":"(anonymous_21)","decl":{"start":{"line":263,"column":10},"end":{"line":263,"column":33}},"loc":{"start":{"line":263,"column":118},"end":{"line":280,"column":null}},"line":263},"22":{"name":"(anonymous_22)","decl":{"start":{"line":285,"column":10},"end":{"line":285,"column":22}},"loc":{"start":{"line":285,"column":45},"end":{"line":288,"column":null}},"line":285}},"branchMap":{"0":{"loc":{"start":{"line":37,"column":4},"end":{"line":37,"column":null}},"type":"if","locations":[{"start":{"line":37,"column":4},"end":{"line":37,"column":null}},{"start":{},"end":{}}],"line":37},"1":{"loc":{"start":{"line":40,"column":4},"end":{"line":42,"column":null}},"type":"if","locations":[{"start":{"line":40,"column":4},"end":{"line":42,"column":null}},{"start":{},"end":{}}],"line":40},"2":{"loc":{"start":{"line":58,"column":4},"end":{"line":60,"column":null}},"type":"if","locations":[{"start":{"line":58,"column":4},"end":{"line":60,"column":null}},{"start":{},"end":{}}],"line":58},"3":{"loc":{"start":{"line":115,"column":36},"end":{"line":115,"column":82}},"type":"default-arg","locations":[{"start":{"line":115,"column":52},"end":{"line":115,"column":82}}],"line":115},"4":{"loc":{"start":{"line":118,"column":4},"end":{"line":120,"column":null}},"type":"if","locations":[{"start":{"line":118,"column":4},"end":{"line":120,"column":null}},{"start":{},"end":{}}],"line":118},"5":{"loc":{"start":{"line":187,"column":19},"end":{"line":187,"column":null}},"type":"binary-expr","locations":[{"start":{"line":187,"column":19},"end":{"line":187,"column":32}},{"start":{"line":187,"column":32},"end":{"line":187,"column":null}}],"line":187},"6":{"loc":{"start":{"line":211,"column":21},"end":{"line":211,"column":null}},"type":"binary-expr","locations":[{"start":{"line":211,"column":21},"end":{"line":211,"column":40}},{"start":{"line":211,"column":40},"end":{"line":211,"column":null}}],"line":211},"7":{"loc":{"start":{"line":234,"column":23},"end":{"line":234,"column":null}},"type":"cond-expr","locations":[{"start":{"line":234,"column":80},"end":{"line":234,"column":86}},{"start":{"line":234,"column":86},"end":{"line":234,"column":null}}],"line":234},"8":{"loc":{"start":{"line":234,"column":23},"end":{"line":234,"column":80}},"type":"binary-expr","locations":[{"start":{"line":234,"column":23},"end":{"line":234,"column":52}},{"start":{"line":234,"column":52},"end":{"line":234,"column":80}}],"line":234},"9":{"loc":{"start":{"line":237,"column":6},"end":{"line":239,"column":null}},"type":"cond-expr","locations":[{"start":{"line":238,"column":10},"end":{"line":238,"column":null}},{"start":{"line":239,"column":10},"end":{"line":239,"column":null}}],"line":237},"10":{"loc":{"start":{"line":255,"column":4},"end":{"line":255,"column":null}},"type":"if","locations":[{"start":{"line":255,"column":4},"end":{"line":255,"column":null}},{"start":{},"end":{}}],"line":255},"11":{"loc":{"start":{"line":256,"column":4},"end":{"line":256,"column":null}},"type":"if","locations":[{"start":{"line":256,"column":4},"end":{"line":256,"column":null}},{"start":{},"end":{}}],"line":256},"12":{"loc":{"start":{"line":267,"column":43},"end":{"line":267,"column":79}},"type":"binary-expr","locations":[{"start":{"line":267,"column":43},"end":{"line":267,"column":63}},{"start":{"line":267,"column":63},"end":{"line":267,"column":79}}],"line":267},"13":{"loc":{"start":{"line":273,"column":17},"end":{"line":273,"column":null}},"type":"binary-expr","locations":[{"start":{"line":273,"column":17},"end":{"line":273,"column":40}},{"start":{"line":273,"column":40},"end":{"line":273,"column":56}},{"start":{"line":273,"column":56},"end":{"line":273,"column":null}}],"line":273},"14":{"loc":{"start":{"line":287,"column":11},"end":{"line":287,"column":null}},"type":"cond-expr","locations":[{"start":{"line":287,"column":27},"end":{"line":287,"column":31}},{"start":{"line":287,"column":31},"end":{"line":287,"column":null}}],"line":287}},"s":{"0":1,"1":35,"2":35,"3":27,"4":3,"5":24,"6":24,"7":1,"8":23,"9":23,"10":4,"11":4,"12":1,"13":3,"14":3,"15":3,"16":3,"17":3,"18":1,"19":1,"20":1,"21":2,"22":4,"23":4,"24":2,"25":2,"26":2,"27":2,"28":2,"29":2,"30":2,"31":2,"32":1,"33":1,"34":27,"35":26,"36":26,"37":26,"38":26,"39":22,"40":4,"41":8,"42":8,"43":8,"44":10,"45":10,"46":10,"47":0,"48":8,"49":26,"50":26,"51":26,"52":26,"53":5,"54":3,"55":2,"56":2,"57":1,"58":22,"59":22,"60":22,"61":22,"62":22,"63":22,"64":88,"65":88,"66":1},"f":{"0":27,"1":4,"2":3,"3":3,"4":3,"5":1,"6":1,"7":1,"8":2,"9":4,"10":2,"11":2,"12":2,"13":2,"14":1,"15":1,"16":27,"17":8,"18":26,"19":26,"20":5,"21":22,"22":88},"b":{"0":[3,24],"1":[1,23],"2":[1,3],"3":[4],"4":[2,2],"5":[4,2],"6":[0,0],"7":[25,1],"8":[26,1],"9":[2,24],"10":[3,2],"11":[1,1],"12":[22,1],"13":[22,2,1],"14":[3,85]},"meta":{"lastBranch":15,"lastFunction":23,"lastStatement":67,"seen":{"s:20:20:23:Infinity":0,"s:30:47:30:Infinity":1,"s:31:49:31:Infinity":2,"f:36:16:36:47":0,"b:37:4:37:Infinity:undefined:undefined:undefined:undefined":0,"s:37:4:37:Infinity":3,"s:37:25:37:Infinity":4,"s:39:19:39:Infinity":5,"b:40:4:42:Infinity:undefined:undefined:undefined:undefined":1,"s:40:4:42:Infinity":6,"s:41:6:41:Infinity":7,"s:44:4:44:Infinity":8,"s:45:4:45:Infinity":9,"f:55:8:55:62":1,"s:56:18:56:Infinity":10,"b:58:4:60:Infinity:undefined:undefined:undefined:undefined":2,"s:58:4:60:Infinity":11,"s:59:6:59:Infinity":12,"s:63:19:66:Infinity":13,"f:64:16:64:17":2,"s:64:26:64:40":14,"f:65:16:65:17":3,"s:65:26:65:40":15,"s:69:4:77:Infinity":16,"f:69:22:69:23":4,"s:69:34:77:6":17,"f:83:8:83:23":5,"s:84:4:84:Infinity":18,"f:90:8:90:28":6,"s:91:4:91:Infinity":19,"f:97:8:97:25":7,"s:98:4:98:Infinity":20,"f:104:8:104:22":8,"s:105:4:105:Infinity":21,"f:115:8:115:36":9,"b:115:52:115:82":3,"s:116:18:116:Infinity":22,"b:118:4:120:Infinity:undefined:undefined:undefined:undefined":4,"s:118:4:120:Infinity":23,"s:119:6:119:Infinity":24,"s:123:19:126:Infinity":25,"f:124:16:124:17":10,"s:124:26:124:40":26,"f:125:16:125:17":11,"s:125:26:125:40":27,"s:129:28:131:Infinity":28,"f:130:17:130:18":12,"s:130:24:130:72":29,"s:133:4:141:Infinity":30,"f:133:22:133:23":13,"s:133:41:141:6":31,"f:147:8:147:28":14,"s:148:4:148:Infinity":32,"f:154:8:154:45":15,"s:155:4:155:Infinity":33,"f:165:8:165:22":16,"s:166:4:166:Infinity":34,"s:168:16:168:Infinity":35,"s:169:17:169:Infinity":36,"s:171:4:194:Infinity":37,"s:172:23:180:Infinity":38,"s:182:6:182:Infinity":39,"s:185:6:193:Infinity":40,"b:187:19:187:32:187:32:187:Infinity":5,"f:200:8:200:26":17,"s:201:34:201:Infinity":41,"s:203:4:219:Infinity":42,"s:203:17:203:20":43,"s:204:6:218:Infinity":44,"s:205:22:205:Infinity":45,"s:206:8:206:Infinity":46,"s:209:8:217:Infinity":47,"b:211:21:211:40:211:40:211:Infinity":6,"s:221:4:221:Infinity":48,"f:231:10:231:24":18,"s:234:23:234:Infinity":49,"b:234:80:234:86:234:86:234:Infinity":7,"b:234:23:234:52:234:52:234:80":8,"s:237:6:239:Infinity":50,"b:238:10:238:Infinity:239:10:239:Infinity":9,"s:241:4:241:Infinity":51,"f:247:10:247:28":19,"s:248:4:248:Infinity":52,"f:254:10:254:28":20,"b:255:4:255:Infinity:undefined:undefined:undefined:undefined":10,"s:255:4:255:Infinity":53,"s:255:26:255:Infinity":54,"b:256:4:256:Infinity:undefined:undefined:undefined:undefined":11,"s:256:4:256:Infinity":55,"s:256:26:256:Infinity":56,"s:257:4:257:Infinity":57,"f:263:10:263:33":21,"s:264:19:264:Infinity":58,"s:266:25:266:Infinity":59,"s:267:26:267:Infinity":60,"b:267:43:267:63:267:63:267:79":12,"s:268:25:268:Infinity":61,"s:269:23:269:Infinity":62,"s:271:4:279:Infinity":63,"b:273:17:273:40:273:40:273:56:273:56:273:Infinity":13,"f:285:10:285:22":22,"s:286:19:286:Infinity":64,"s:287:4:287:Infinity":65,"b:287:27:287:31:287:31:287:Infinity":14,"s:292:32:292:Infinity":66}}}
}
